-------------------------------------------------------------------------------
Test set: guru.springframework.msscbrewery.web.controller.CustomerControllerTest
-------------------------------------------------------------------------------
Tests run: 2, Failures: 0, Errors: 2, Skipped: 0, Time elapsed: 2.286 s <<< FAILURE! - in guru.springframework.msscbrewery.web.controller.CustomerControllerTest
getCustomer(guru.springframework.msscbrewery.web.controller.CustomerControllerTest)  Time elapsed: 0 s  <<< ERROR!
java.lang.IllegalStateException: Failed to load ApplicationContext
Caused by: org.springframework.beans.factory.UnsatisfiedDependencyException: Error creating bean with name 'beerController' defined in file [C:\Users\pgalusso\Desktop\Pedro\Personal\Cursos\SpringMicroservices\mssc-brewery\target\classes\guru\springframework\msscbrewery\web\controller\BeerController.class]: Unsatisfied dependency expressed through constructor parameter 0; nested exception is org.springframework.beans.factory.NoSuchBeanDefinitionException: No qualifying bean of type 'guru.springframework.msscbrewery.services.BeerService' available: expected at least 1 bean which qualifies as autowire candidate. Dependency annotations: {}
Caused by: org.springframework.beans.factory.NoSuchBeanDefinitionException: No qualifying bean of type 'guru.springframework.msscbrewery.services.BeerService' available: expected at least 1 bean which qualifies as autowire candidate. Dependency annotations: {}

handlePost(guru.springframework.msscbrewery.web.controller.CustomerControllerTest)  Time elapsed: 0 s  <<< ERROR!
java.lang.IllegalStateException: Failed to load ApplicationContext
Caused by: org.springframework.beans.factory.UnsatisfiedDependencyException: Error creating bean with name 'beerController' defined in file [C:\Users\pgalusso\Desktop\Pedro\Personal\Cursos\SpringMicroservices\mssc-brewery\target\classes\guru\springframework\msscbrewery\web\controller\BeerController.class]: Unsatisfied dependency expressed through constructor parameter 0; nested exception is org.springframework.beans.factory.NoSuchBeanDefinitionException: No qualifying bean of type 'guru.springframework.msscbrewery.services.BeerService' available: expected at least 1 bean which qualifies as autowire candidate. Dependency annotations: {}
Caused by: org.springframework.beans.factory.NoSuchBeanDefinitionException: No qualifying bean of type 'guru.springframework.msscbrewery.services.BeerService' available: expected at least 1 bean which qualifies as autowire candidate. Dependency annotations: {}

