-------------------------------------------------------------------------------
Test set: guru.springframework.msscbrewery.web.controller.BeerControllerTest
-------------------------------------------------------------------------------
Tests run: 3, Failures: 1, Errors: 0, Skipped: 0, Time elapsed: 3.439 s <<< FAILURE! - in guru.springframework.msscbrewery.web.controller.BeerControllerTest
handleUpdate(guru.springframework.msscbrewery.web.controller.BeerControllerTest)  Time elapsed: 1.663 s  <<< FAILURE!
java.lang.AssertionError: Status expected:<201> but was:<204>
	at guru.springframework.msscbrewery.web.controller.BeerControllerTest.handleUpdate(BeerControllerTest.java:83)

