<?xml version="1.0" encoding="UTF-8"?>
<testsuite xmlns:xsi="http://www.w3.org/2001/XMLSchema-instance" xsi:noNamespaceSchemaLocation="https://maven.apache.org/surefire/maven-surefire-plugin/xsd/surefire-test-report.xsd" name="guru.springframework.msscbrewery.web.controller.BeerControllerTest" time="3.439" tests="3" errors="0" skipped="0" failures="1">
  <properties>
[...]
</properties>
  <testcase name="handleUpdate" classname="guru.springframework.msscbrewery.web.controller.BeerControllerTest" time="1.663">
    <failure message="Status expected:&lt;201&gt; but was:&lt;204&gt;" type="java.lang.AssertionError"><![CDATA[java.lang.AssertionError: Status expected:<201> but was:<204>
	at guru.springframework.msscbrewery.web.controller.BeerControllerTest.handleUpdate(BeerControllerTest.java:83)
]]></failure>
    <system-out><![CDATA[2019-11-08 19:31:05.137  INFO 756 --- [           main] .b.t.a.w.s.WebMvcTestContextBootstrapper : Neither @ContextConfiguration nor @ContextHierarchy found for test class [guru.springframework.msscbrewery.web.controller.BeerControllerTest], using SpringBootContextLoader
2019-11-08 19:31:05.138  INFO 756 --- [           main] o.s.t.c.support.AbstractContextLoader    : Could not detect default resource locations for test class [guru.springframework.msscbrewery.web.controller.BeerControllerTest]: no resource found for suffixes {-context.xml, Context.groovy}.
2019-11-08 19:31:05.139  INFO 756 --- [           main] t.c.s.AnnotationConfigContextLoaderUtils : Could not detect default configuration classes for test class [guru.springframework.msscbrewery.web.controller.BeerControllerTest]: BeerControllerTest does not declare any static, non-private, non-final, nested classes annotated with @Configuration.
2019-11-08 19:31:05.227  INFO 756 --- [           main] .b.t.c.SpringBootTestContextBootstrapper : Found @SpringBootConfiguration guru.springframework.msscbrewery.MsscBreweryApplication for test class guru.springframework.msscbrewery.web.controller.BeerControllerTest
2019-11-08 19:31:05.228  INFO 756 --- [           main] .b.t.a.w.s.WebMvcTestContextBootstrapper : Loaded default TestExecutionListener class names from location [META-INF/spring.factories]: [org.springframework.boot.test.mock.mockito.MockitoTestExecutionListener, org.springframework.boot.test.mock.mockito.ResetMocksTestExecutionListener, org.springframework.boot.test.autoconfigure.restdocs.RestDocsTestExecutionListener, org.springframework.boot.test.autoconfigure.web.client.MockRestServiceServerResetTestExecutionListener, org.springframework.boot.test.autoconfigure.web.servlet.MockMvcPrintOnlyOnFailureTestExecutionListener, org.springframework.boot.test.autoconfigure.web.servlet.WebDriverTestExecutionListener, org.springframework.test.context.web.ServletTestExecutionListener, org.springframework.test.context.support.DirtiesContextBeforeModesTestExecutionListener, org.springframework.test.context.support.DependencyInjectionTestExecutionListener, org.springframework.test.context.support.DirtiesContextTestExecutionListener, org.springframework.test.context.transaction.TransactionalTestExecutionListener, org.springframework.test.context.jdbc.SqlScriptsTestExecutionListener]
2019-11-08 19:31:05.230  INFO 756 --- [           main] .b.t.a.w.s.WebMvcTestContextBootstrapper : Using TestExecutionListeners: [org.springframework.test.context.web.ServletTestExecutionListener@4f2ac7e0, org.springframework.test.context.support.DirtiesContextBeforeModesTestExecutionListener@2484dbb7, org.springframework.boot.test.mock.mockito.MockitoTestExecutionListener@111cba40, org.springframework.boot.test.autoconfigure.SpringBootDependencyInjectionTestExecutionListener@48e41b5d, org.springframework.test.context.support.DirtiesContextTestExecutionListener@51e8d066, org.springframework.boot.test.mock.mockito.ResetMocksTestExecutionListener@5333f08f, org.springframework.boot.test.autoconfigure.restdocs.RestDocsTestExecutionListener@27898e13, org.springframework.boot.test.autoconfigure.web.client.MockRestServiceServerResetTestExecutionListener@4f5f474c, org.springframework.boot.test.autoconfigure.web.servlet.MockMvcPrintOnlyOnFailureTestExecutionListener@58a3d521, org.springframework.boot.test.autoconfigure.web.servlet.WebDriverTestExecutionListener@14d8e132]

  .   ____          _            __ _ _
 /\\ / ___'_ __ _ _(_)_ __  __ _ \ \ \ \
( ( )\___ | '_ | '_| | '_ \/ _` | \ \ \ \
 \\/  ___)| |_)| | | | | || (_| |  ) ) ) )
  '  |____| .__|_| |_|_| |_\__, | / / / /
 =========|_|==============|___/=/_/_/_/
 :: Spring Boot ::        (v2.1.4.RELEASE)

2019-11-08 19:31:05.360  INFO 756 --- [           main] g.s.m.web.controller.BeerControllerTest  : Starting BeerControllerTest on LAP0204 with PID 756 (started by pgalusso in C:\Users\pgalusso\Desktop\Pedro\Personal\Cursos\SpringMicroservices\mssc-brewery)
2019-11-08 19:31:05.362  INFO 756 --- [           main] g.s.m.web.controller.BeerControllerTest  : No active profile set, falling back to default profiles: default
2019-11-08 19:31:06.479  INFO 756 --- [           main] o.s.s.concurrent.ThreadPoolTaskExecutor  : Initializing ExecutorService 'applicationTaskExecutor'
2019-11-08 19:31:06.736  INFO 756 --- [           main] o.s.b.t.m.w.SpringBootMockServletContext : Initializing Spring TestDispatcherServlet ''
2019-11-08 19:31:06.737  INFO 756 --- [           main] o.s.t.web.servlet.TestDispatcherServlet  : Initializing Servlet ''
2019-11-08 19:31:06.762  INFO 756 --- [           main] o.s.t.web.servlet.TestDispatcherServlet  : Completed initialization in 25 ms
2019-11-08 19:31:06.798  INFO 756 --- [           main] g.s.m.web.controller.BeerControllerTest  : Started BeerControllerTest in 1.564 seconds (JVM running for 12.709)

MockHttpServletRequest:
      HTTP Method = PUT
      Request URI = /api/v1/beer/e73b9d8a-02cf-4a3c-bf40-a22977e21771
       Parameters = {}
          Headers = [Content-Type:"application/json"]
             Body = <no character encoding set>
    Session Attrs = {}

Handler:
             Type = guru.springframework.msscbrewery.web.controller.BeerController
           Method = public org.springframework.http.ResponseEntity guru.springframework.msscbrewery.web.controller.BeerController.handleUpdate(java.util.UUID,guru.springframework.msscbrewery.web.model.BeerDto)

Async:
    Async started = false
     Async result = null

Resolved Exception:
             Type = null

ModelAndView:
        View name = null
             View = null
            Model = null

FlashMap:
       Attributes = null

MockHttpServletResponse:
           Status = 204
    Error message = null
          Headers = []
     Content type = null
             Body = 
    Forwarded URL = null
   Redirected URL = null
          Cookies = []
]]></system-out>
  </testcase>
  <testcase name="getBeer" classname="guru.springframework.msscbrewery.web.controller.BeerControllerTest" time="0.148"/>
  <testcase name="handlePost" classname="guru.springframework.msscbrewery.web.controller.BeerControllerTest" time="0.013"/>
</testsuite>